
> my-v0-project@0.1.0 dev
> npx next dev

  ▲ Next.js 14.2.16
  - Local:        http://localhost:3000
  - Environments: .env.local

 ✓ Starting...
 ✓ Ready in 10.9s
 ○ Compiling /api/presale/stats ...
 ✓ Compiled /api/presale/stats in 1492ms (178 modules)
Found 200013.826658 USDC in mint EPjFWdd5AufqSSqeM2qN1xzybapC8G4wEGGkZwyTDt1v
 GET /api/presale/stats?projectId=coffee&address=2n5armYcd66A6eBbeyzePrHsUSBAibTxA5Ta4pwq3U6s 200 in 2745ms
Found 200013.826658 USDC in mint EPjFWdd5AufqSSqeM2qN1xzybapC8G4wEGGkZwyTDt1v
 GET /api/presale/stats?projectId=coffee&address=2n5armYcd66A6eBbeyzePrHsUSBAibTxA5Ta4pwq3U6s 200 in 523ms
Found 200013.826658 USDC in mint EPjFWdd5AufqSSqeM2qN1xzybapC8G4wEGGkZwyTDt1v
 GET /api/presale/stats?projectId=coffee&address=2n5armYcd66A6eBbeyzePrHsUSBAibTxA5Ta4pwq3U6s 200 in 686ms
Found 200013.826658 USDC in mint EPjFWdd5AufqSSqeM2qN1xzybapC8G4wEGGkZwyTDt1v
 GET /api/presale/stats?projectId=coffee&address=2n5armYcd66A6eBbeyzePrHsUSBAibTxA5Ta4pwq3U6s 200 in 604ms
 ○ Compiling /explorer ...
 ✓ Compiled /api/presale/wallet-monitor in 41.7s (12335 modules)
 ⚠ Unsupported metadata viewport is configured in metadata export in /explorer. Please move it to viewport export instead.
Read more: https://nextjs.org/docs/app/api-reference/functions/generate-viewport
 ⚠ Unsupported metadata themeColor is configured in metadata export in /explorer. Please move it to viewport export instead.
Read more: https://nextjs.org/docs/app/api-reference/functions/generate-viewport
 GET /explorer 200 in 43994ms
 GET /api/presale/stats?projectId=coffee&address=2n5armYcd66A6eBbeyzePrHsUSBAibTxA5Ta4pwq3U6s 200 in 23681ms
Found 200013.826658 USDC in mint EPjFWdd5AufqSSqeM2qN1xzybapC8G4wEGGkZwyTDt1v
Found 200013.826658 USDC in mint EPjFWdd5AufqSSqeM2qN1xzybapC8G4wEGGkZwyTDt1v
Found 200013.826658 USDC in mint EPjFWdd5AufqSSqeM2qN1xzybapC8G4wEGGkZwyTDt1v
Server responded with 429 Too Many Requests.  Retrying after 500ms delay...
Server responded with 429 Too Many Requests.  Retrying after 500ms delay...
Server responded with 429 Too Many Requests.  Retrying after 1000ms delay...
Server responded with 429 Too Many Requests.  Retrying after 1000ms delay...
 GET /api/presale/stats?projectId=coffee&address=2n5armYcd66A6eBbeyzePrHsUSBAibTxA5Ta4pwq3U6s 200 in 250ms
 ○ Compiling /icon ...
 GET /api/presale/stats?projectId=coffee&address=2n5armYcd66A6eBbeyzePrHsUSBAibTxA5Ta4pwq3U6s 200 in 162ms
 ⚠ Unsupported metadata viewport is configured in metadata export in /explorer. Please move it to viewport export instead.
Read more: https://nextjs.org/docs/app/api-reference/functions/generate-viewport
 ⚠ Unsupported metadata themeColor is configured in metadata export in /explorer. Please move it to viewport export instead.
Read more: https://nextjs.org/docs/app/api-reference/functions/generate-viewport
 HEAD /explorer 200 in 99ms
 ✓ Compiled /icon in 1136ms (173 modules)
 GET /icon 200 in 1464ms
 ⚠ Unsupported metadata viewport is configured in metadata export in /explorer. Please move it to viewport export instead.
Read more: https://nextjs.org/docs/app/api-reference/functions/generate-viewport
 ⚠ Unsupported metadata themeColor is configured in metadata export in /explorer. Please move it to viewport export instead.
Read more: https://nextjs.org/docs/app/api-reference/functions/generate-viewport
 HEAD /explorer 200 in 315ms
 GET /icon 200 in 46ms
 ○ Compiling /explorer/[id] ...
 ✓ Compiled /explorer/[id] in 3.4s (12368 modules)
 ⚠ Unsupported metadata viewport is configured in metadata export in /explorer/coffee. Please move it to viewport export instead.
Read more: https://nextjs.org/docs/app/api-reference/functions/generate-viewport
 ⚠ Unsupported metadata themeColor is configured in metadata export in /explorer/coffee. Please move it to viewport export instead.
Read more: https://nextjs.org/docs/app/api-reference/functions/generate-viewport
 ⚠ Unsupported metadata viewport is configured in metadata export in /explorer/coffee. Please move it to viewport export instead.
Read more: https://nextjs.org/docs/app/api-reference/functions/generate-viewport
 ⚠ Unsupported metadata themeColor is configured in metadata export in /explorer/coffee. Please move it to viewport export instead.
Read more: https://nextjs.org/docs/app/api-reference/functions/generate-viewport
Found 200013.826658 USDC in mint EPjFWdd5AufqSSqeM2qN1xzybapC8G4wEGGkZwyTDt1v
 GET /api/presale/wallet-monitor?address=2n5armYcd66A6eBbeyzePrHsUSBAibTxA5Ta4pwq3U6s&action=info 200 in 541ms
Found 200013.826658 USDC in mint EPjFWdd5AufqSSqeM2qN1xzybapC8G4wEGGkZwyTDt1v
 GET /api/presale/stats?projectId=coffee&address=2n5armYcd66A6eBbeyzePrHsUSBAibTxA5Ta4pwq3U6s 200 in 615ms
Found 200013.826658 USDC in mint EPjFWdd5AufqSSqeM2qN1xzybapC8G4wEGGkZwyTDt1v
 GET /api/presale/stats?projectId=coffee&address=2n5armYcd66A6eBbeyzePrHsUSBAibTxA5Ta4pwq3U6s 200 in 163ms
Found 200013.826658 USDC in mint EPjFWdd5AufqSSqeM2qN1xzybapC8G4wEGGkZwyTDt1v
 GET /api/presale/wallet-monitor?address=2n5armYcd66A6eBbeyzePrHsUSBAibTxA5Ta4pwq3U6s&action=info 200 in 263ms
Server responded with 429 Too Many Requests.  Retrying after 500ms delay...
Server responded with 429 Too Many Requests.  Retrying after 500ms delay...
 GET /api/presale/wallet-monitor?address=2n5armYcd66A6eBbeyzePrHsUSBAibTxA5Ta4pwq3U6s&action=summary 200 in 1480ms
 ○ Compiling /_not-found ...
 ✓ Compiled /_not-found in 1394ms (12355 modules)
 ⚠ Unsupported metadata viewport is configured in metadata export in /api/presale/wallet-monitor. Please move it to viewport export instead.
Read more: https://nextjs.org/docs/app/api-reference/functions/generate-viewport
 ⚠ Unsupported metadata themeColor is configured in metadata export in /api/presale/wallet-monitor. Please move it to viewport export instead.
Read more: https://nextjs.org/docs/app/api-reference/functions/generate-viewport
 GET /api/presale/wallet-monitor?address=2n5armYcd66A6eBbeyzePrHsUSBAibTxA5Ta4pwq3U6s&action=summary 404 in 1794ms
 ○ Compiling /_error ...
 ✓ Compiled /_error in 2.9s (12580 modules)
 GET /api/presale/wallet-monitor?address=2n5armYcd66A6eBbeyzePrHsUSBAibTxA5Ta4pwq3U6s&action=summary 404 in 4576ms
 ⚠ Unsupported metadata viewport is configured in metadata export in /explorer/coffee. Please move it to viewport export instead.
Read more: https://nextjs.org/docs/app/api-reference/functions/generate-viewport
 ⚠ Unsupported metadata themeColor is configured in metadata export in /explorer/coffee. Please move it to viewport export instead.
Read more: https://nextjs.org/docs/app/api-reference/functions/generate-viewport
 ⨯     at stringify (<anonymous>)
    at AsyncLocalStorage.run (node:async_hooks:346:14)
digest: "3554060334"
 ⨯     at stringify (<anonymous>)
    at AsyncLocalStorage.run (node:async_hooks:346:14)
digest: "2580771150"
 ⨯     at stringify (<anonymous>)
    at AsyncLocalStorage.run (node:async_hooks:346:14)
digest: "3554060334"
 ⨯     at stringify (<anonymous>)
    at AsyncLocalStorage.run (node:async_hooks:346:14)
digest: "2580771150"
 ⨯     at stringify (<anonymous>)
    at stringify (<anonymous>)
digest: "1256272594"
 ⨯     at stringify (<anonymous>)
    at stringify (<anonymous>)
digest: "2956482738"
 ⨯     at stringify (<anonymous>)
    at stringify (<anonymous>)
digest: "3118015166"
 ⚠ Unsupported metadata viewport is configured in metadata export in /explorer/coffee. Please move it to viewport export instead.
Read more: https://nextjs.org/docs/app/api-reference/functions/generate-viewport
 ⚠ Unsupported metadata themeColor is configured in metadata export in /explorer/coffee. Please move it to viewport export instead.
Read more: https://nextjs.org/docs/app/api-reference/functions/generate-viewport
 ⨯     at stringify (<anonymous>)
    at AsyncLocalStorage.run (node:async_hooks:346:14)
digest: "2580771150"
 ⨯     at stringify (<anonymous>)
    at AsyncLocalStorage.run (node:async_hooks:346:14)
digest: "3554060334"
 ⨯     at stringify (<anonymous>)
    at AsyncLocalStorage.run (node:async_hooks:346:14)
digest: "3554060334"
 ⨯     at stringify (<anonymous>)
    at AsyncLocalStorage.run (node:async_hooks:346:14)
digest: "2580771150"
 ⨯     at stringify (<anonymous>)
    at stringify (<anonymous>)
digest: "1256272594"
 ⨯     at stringify (<anonymous>)
    at stringify (<anonymous>)
digest: "2956482738"
 ⨯     at stringify (<anonymous>)
    at stringify (<anonymous>)
digest: "3118015166"
 ⚠ Unsupported metadata viewport is configured in metadata export in /explorer/coffee. Please move it to viewport export instead.
Read more: https://nextjs.org/docs/app/api-reference/functions/generate-viewport
 ⚠ Unsupported metadata themeColor is configured in metadata export in /explorer/coffee. Please move it to viewport export instead.
Read more: https://nextjs.org/docs/app/api-reference/functions/generate-viewport
 ⚠ Unsupported metadata viewport is configured in metadata export in /explorer/coffee. Please move it to viewport export instead.
Read more: https://nextjs.org/docs/app/api-reference/functions/generate-viewport
 ⚠ Unsupported metadata themeColor is configured in metadata export in /explorer/coffee. Please move it to viewport export instead.
Read more: https://nextjs.org/docs/app/api-reference/functions/generate-viewport
Error: Could not find the module "/mnt/c/Users/user/Downloads/landing-template/node_modules/next/dist/client/components/app-router.js#" in the React Client Manifest. This is probably a bug in the React Server Components bundler.
    at /mnt/c/Users/user/Downloads/landing-template/node_modules/next/dist/compiled/next-server/app-page.runtime.dev.js:35:266905
    at eN (/mnt/c/Users/user/Downloads/landing-template/node_modules/next/dist/compiled/next-server/app-page.runtime.dev.js:35:267100)
    at eF (/mnt/c/Users/user/Downloads/landing-template/node_modules/next/dist/compiled/next-server/app-page.runtime.dev.js:35:271984)
    at /mnt/c/Users/user/Downloads/landing-template/node_modules/next/dist/compiled/next-server/app-page.runtime.dev.js:35:265814
    at Array.toJSON (/mnt/c/Users/user/Downloads/landing-template/node_modules/next/dist/compiled/next-server/app-page.runtime.dev.js:35:266278)
    at stringify (<anonymous>)
    at eq (/mnt/c/Users/user/Downloads/landing-template/node_modules/next/dist/compiled/next-server/app-page.runtime.dev.js:35:274646)
    at eJ (/mnt/c/Users/user/Downloads/landing-template/node_modules/next/dist/compiled/next-server/app-page.runtime.dev.js:35:275164)
    at Timeout._onTimeout (/mnt/c/Users/user/Downloads/landing-template/node_modules/next/dist/compiled/next-server/app-page.runtime.dev.js:35:264951)
    at listOnTimeout (node:internal/timers:581:17)
    at process.processTimers (node:internal/timers:519:7) {
  digest: '1270982987'
}
 ⨯ Internal error: Error: Could not find the module "/mnt/c/Users/user/Downloads/landing-template/node_modules/next/dist/client/components/app-router.js#" in the React Client Manifest. This is probably a bug in the React Server Components bundler.
    at /mnt/c/Users/user/Downloads/landing-template/node_modules/next/dist/compiled/next-server/app-page.runtime.dev.js:35:266905
    at eN (/mnt/c/Users/user/Downloads/landing-template/node_modules/next/dist/compiled/next-server/app-page.runtime.dev.js:35:267100)
    at eF (/mnt/c/Users/user/Downloads/landing-template/node_modules/next/dist/compiled/next-server/app-page.runtime.dev.js:35:271984)
    at /mnt/c/Users/user/Downloads/landing-template/node_modules/next/dist/compiled/next-server/app-page.runtime.dev.js:35:265814
    at Array.toJSON (/mnt/c/Users/user/Downloads/landing-template/node_modules/next/dist/compiled/next-server/app-page.runtime.dev.js:35:266278)
    at stringify (<anonymous>)
    at eq (/mnt/c/Users/user/Downloads/landing-template/node_modules/next/dist/compiled/next-server/app-page.runtime.dev.js:35:274646)
    at eJ (/mnt/c/Users/user/Downloads/landing-template/node_modules/next/dist/compiled/next-server/app-page.runtime.dev.js:35:275164)
    at Timeout._onTimeout (/mnt/c/Users/user/Downloads/landing-template/node_modules/next/dist/compiled/next-server/app-page.runtime.dev.js:35:264951)
    at listOnTimeout (node:internal/timers:581:17)
    at process.processTimers (node:internal/timers:519:7)
digest: "1270982987"
 ⨯ Internal error: Error: Could not find the module "/mnt/c/Users/user/Downloads/landing-template/node_modules/next/dist/client/components/layout-router.js#" in the React Client Manifest. This is probably a bug in the React Server Components bundler.
    at /mnt/c/Users/user/Downloads/landing-template/node_modules/next/dist/compiled/next-server/app-page.runtime.dev.js:35:266905
    at eN (/mnt/c/Users/user/Downloads/landing-template/node_modules/next/dist/compiled/next-server/app-page.runtime.dev.js:35:267100)
    at eF (/mnt/c/Users/user/Downloads/landing-template/node_modules/next/dist/compiled/next-server/app-page.runtime.dev.js:35:271984)
    at /mnt/c/Users/user/Downloads/landing-template/node_modules/next/dist/compiled/next-server/app-page.runtime.dev.js:35:265814
    at Array.toJSON (/mnt/c/Users/user/Downloads/landing-template/node_modules/next/dist/compiled/next-server/app-page.runtime.dev.js:35:266278)
    at stringify (<anonymous>)
    at eq (/mnt/c/Users/user/Downloads/landing-template/node_modules/next/dist/compiled/next-server/app-page.runtime.dev.js:35:274646)
    at eJ (/mnt/c/Users/user/Downloads/landing-template/node_modules/next/dist/compiled/next-server/app-page.runtime.dev.js:35:275164)
    at Timeout._onTimeout (/mnt/c/Users/user/Downloads/landing-template/node_modules/next/dist/compiled/next-server/app-page.runtime.dev.js:35:264951)
    at listOnTimeout (node:internal/timers:581:17)
    at process.processTimers (node:internal/timers:519:7)
digest: "2477436395"
 ⨯ Internal error: Error: Could not find the module "/mnt/c/Users/user/Downloads/landing-template/node_modules/next/dist/client/components/render-from-template-context.js#" in the React Client Manifest. This is probably a bug in the React Server Components bundler.
    at /mnt/c/Users/user/Downloads/landing-template/node_modules/next/dist/compiled/next-server/app-page.runtime.dev.js:35:266905
    at eN (/mnt/c/Users/user/Downloads/landing-template/node_modules/next/dist/compiled/next-server/app-page.runtime.dev.js:35:267100)
    at eF (/mnt/c/Users/user/Downloads/landing-template/node_modules/next/dist/compiled/next-server/app-page.runtime.dev.js:35:271984)
    at /mnt/c/Users/user/Downloads/landing-template/node_modules/next/dist/compiled/next-server/app-page.runtime.dev.js:35:265814
    at Array.toJSON (/mnt/c/Users/user/Downloads/landing-template/node_modules/next/dist/compiled/next-server/app-page.runtime.dev.js:35:266278)
    at stringify (<anonymous>)
    at eq (/mnt/c/Users/user/Downloads/landing-template/node_modules/next/dist/compiled/next-server/app-page.runtime.dev.js:35:274646)
    at eJ (/mnt/c/Users/user/Downloads/landing-template/node_modules/next/dist/compiled/next-server/app-page.runtime.dev.js:35:275164)
    at Timeout._onTimeout (/mnt/c/Users/user/Downloads/landing-template/node_modules/next/dist/compiled/next-server/app-page.runtime.dev.js:35:264951)
    at listOnTimeout (node:internal/timers:581:17)
    at process.processTimers (node:internal/timers:519:7)
digest: "3857287563"
 ⨯ Internal error: Error: Could not find the module "/mnt/c/Users/user/Downloads/landing-template/node_modules/next/dist/client/components/layout-router.js#" in the React Client Manifest. This is probably a bug in the React Server Components bundler.
    at /mnt/c/Users/user/Downloads/landing-template/node_modules/next/dist/compiled/next-server/app-page.runtime.dev.js:35:266905
    at eN (/mnt/c/Users/user/Downloads/landing-template/node_modules/next/dist/compiled/next-server/app-page.runtime.dev.js:35:267100)
    at eF (/mnt/c/Users/user/Downloads/landing-template/node_modules/next/dist/compiled/next-server/app-page.runtime.dev.js:35:271984)
    at /mnt/c/Users/user/Downloads/landing-template/node_modules/next/dist/compiled/next-server/app-page.runtime.dev.js:35:265814
    at Array.toJSON (/mnt/c/Users/user/Downloads/landing-template/node_modules/next/dist/compiled/next-server/app-page.runtime.dev.js:35:266278)
    at stringify (<anonymous>)
    at eq (/mnt/c/Users/user/Downloads/landing-template/node_modules/next/dist/compiled/next-server/app-page.runtime.dev.js:35:274646)
    at eJ (/mnt/c/Users/user/Downloads/landing-template/node_modules/next/dist/compiled/next-server/app-page.runtime.dev.js:35:275164)
    at Timeout._onTimeout (/mnt/c/Users/user/Downloads/landing-template/node_modules/next/dist/compiled/next-server/app-page.runtime.dev.js:35:264951)
    at listOnTimeout (node:internal/timers:581:17)
    at process.processTimers (node:internal/timers:519:7)
digest: "2477436395"
 ⨯ Internal error: Error: Could not find the module "/mnt/c/Users/user/Downloads/landing-template/node_modules/next/dist/client/components/render-from-template-context.js#" in the React Client Manifest. This is probably a bug in the React Server Components bundler.
    at /mnt/c/Users/user/Downloads/landing-template/node_modules/next/dist/compiled/next-server/app-page.runtime.dev.js:35:266905
    at eN (/mnt/c/Users/user/Downloads/landing-template/node_modules/next/dist/compiled/next-server/app-page.runtime.dev.js:35:267100)
    at eF (/mnt/c/Users/user/Downloads/landing-template/node_modules/next/dist/compiled/next-server/app-page.runtime.dev.js:35:271984)
    at /mnt/c/Users/user/Downloads/landing-template/node_modules/next/dist/compiled/next-server/app-page.runtime.dev.js:35:265814
    at Array.toJSON (/mnt/c/Users/user/Downloads/landing-template/node_modules/next/dist/compiled/next-server/app-page.runtime.dev.js:35:266278)
    at stringify (<anonymous>)
    at eq (/mnt/c/Users/user/Downloads/landing-template/node_modules/next/dist/compiled/next-server/app-page.runtime.dev.js:35:274646)
    at eJ (/mnt/c/Users/user/Downloads/landing-template/node_modules/next/dist/compiled/next-server/app-page.runtime.dev.js:35:275164)
    at Timeout._onTimeout (/mnt/c/Users/user/Downloads/landing-template/node_modules/next/dist/compiled/next-server/app-page.runtime.dev.js:35:264951)
    at listOnTimeout (node:internal/timers:581:17)
    at process.processTimers (node:internal/timers:519:7)
digest: "3857287563"
 ⨯     at stringify (<anonymous>)
    at stringify (<anonymous>)
digest: "1256272594"
 ⨯     at stringify (<anonymous>)
    at stringify (<anonymous>)
digest: "2956482738"
 ⨯     at stringify (<anonymous>)
    at stringify (<anonymous>)
digest: "3118015166"
 ⨯ Internal error: Error: Could not find the module "/mnt/c/Users/user/Downloads/landing-template/node_modules/next/dist/client/components/app-router.js#" in the React Client Manifest. This is probably a bug in the React Server Components bundler.
    at /mnt/c/Users/user/Downloads/landing-template/node_modules/next/dist/compiled/next-server/app-page.runtime.dev.js:35:266905
    at eN (/mnt/c/Users/user/Downloads/landing-template/node_modules/next/dist/compiled/next-server/app-page.runtime.dev.js:35:267100)
    at eF (/mnt/c/Users/user/Downloads/landing-template/node_modules/next/dist/compiled/next-server/app-page.runtime.dev.js:35:271984)
    at /mnt/c/Users/user/Downloads/landing-template/node_modules/next/dist/compiled/next-server/app-page.runtime.dev.js:35:265814
    at Array.toJSON (/mnt/c/Users/user/Downloads/landing-template/node_modules/next/dist/compiled/next-server/app-page.runtime.dev.js:35:266278)
    at stringify (<anonymous>)
    at eq (/mnt/c/Users/user/Downloads/landing-template/node_modules/next/dist/compiled/next-server/app-page.runtime.dev.js:35:274646)
    at eJ (/mnt/c/Users/user/Downloads/landing-template/node_modules/next/dist/compiled/next-server/app-page.runtime.dev.js:35:275164)
    at Timeout._onTimeout (/mnt/c/Users/user/Downloads/landing-template/node_modules/next/dist/compiled/next-server/app-page.runtime.dev.js:35:264951)
    at listOnTimeout (node:internal/timers:581:17)
    at process.processTimers (node:internal/timers:519:7)
digest: "1270982987"
 ⨯ Internal error: Error: Could not find the module "/mnt/c/Users/user/Downloads/landing-template/node_modules/next/dist/client/components/app-router.js#" in the React Client Manifest. This is probably a bug in the React Server Components bundler.
    at /mnt/c/Users/user/Downloads/landing-template/node_modules/next/dist/compiled/next-server/app-page.runtime.dev.js:35:266905
    at eN (/mnt/c/Users/user/Downloads/landing-template/node_modules/next/dist/compiled/next-server/app-page.runtime.dev.js:35:267100)
    at eF (/mnt/c/Users/user/Downloads/landing-template/node_modules/next/dist/compiled/next-server/app-page.runtime.dev.js:35:271984)
    at /mnt/c/Users/user/Downloads/landing-template/node_modules/next/dist/compiled/next-server/app-page.runtime.dev.js:35:265814
    at Array.toJSON (/mnt/c/Users/user/Downloads/landing-template/node_modules/next/dist/compiled/next-server/app-page.runtime.dev.js:35:266278)
    at stringify (<anonymous>)
    at eq (/mnt/c/Users/user/Downloads/landing-template/node_modules/next/dist/compiled/next-server/app-page.runtime.dev.js:35:274646)
    at eJ (/mnt/c/Users/user/Downloads/landing-template/node_modules/next/dist/compiled/next-server/app-page.runtime.dev.js:35:275164)
    at Timeout._onTimeout (/mnt/c/Users/user/Downloads/landing-template/node_modules/next/dist/compiled/next-server/app-page.runtime.dev.js:35:264951)
    at listOnTimeout (node:internal/timers:581:17)
    at process.processTimers (node:internal/timers:519:7)
digest: "1270982987"
 ⨯ Error: Could not find the module "/mnt/c/Users/user/Downloads/landing-template/node_modules/next/dist/client/components/app-router.js#" in the React Client Manifest. This is probably a bug in the React Server Components bundler.
    at /mnt/c/Users/user/Downloads/landing-template/node_modules/next/dist/compiled/next-server/app-page.runtime.dev.js:35:266905
    at eN (/mnt/c/Users/user/Downloads/landing-template/node_modules/next/dist/compiled/next-server/app-page.runtime.dev.js:35:267100)
    at eF (/mnt/c/Users/user/Downloads/landing-template/node_modules/next/dist/compiled/next-server/app-page.runtime.dev.js:35:271984)
    at /mnt/c/Users/user/Downloads/landing-template/node_modules/next/dist/compiled/next-server/app-page.runtime.dev.js:35:265814
    at Array.toJSON (/mnt/c/Users/user/Downloads/landing-template/node_modules/next/dist/compiled/next-server/app-page.runtime.dev.js:35:266278)
    at stringify (<anonymous>)
    at eq (/mnt/c/Users/user/Downloads/landing-template/node_modules/next/dist/compiled/next-server/app-page.runtime.dev.js:35:274646)
    at eJ (/mnt/c/Users/user/Downloads/landing-template/node_modules/next/dist/compiled/next-server/app-page.runtime.dev.js:35:275164)
    at Timeout._onTimeout (/mnt/c/Users/user/Downloads/landing-template/node_modules/next/dist/compiled/next-server/app-page.runtime.dev.js:35:264951)
    at listOnTimeout (node:internal/timers:581:17)
    at process.processTimers (node:internal/timers:519:7) {
  digest: '1270982987',
  page: '/explorer/coffee'
}
 GET /explorer/coffee 500 in 2784ms
